{"/Users/cuizhanshan/前端工程化实践/demo-test/src/utils/index.ts": {"path":"/Users/cuizhanshan/前端工程化实践/demo-test/src/utils/index.ts","statementMap":{"0":{"start":{"line":1,"column":19},"end":{"line":1,"column":null}},"1":{"start":{"line":1,"column":45},"end":{"line":1,"column":null}},"2":{"start":{"line":3,"column":19},"end":{"line":3,"column":null}},"3":{"start":{"line":3,"column":45},"end":{"line":3,"column":null}}},"fnMap":{"0":{"name":"(anonymous_0)","decl":{"start":{"line":1,"column":19},"end":{"line":1,"column":20}},"loc":{"start":{"line":1,"column":45},"end":{"line":1,"column":null}},"line":1},"1":{"name":"(anonymous_1)","decl":{"start":{"line":3,"column":19},"end":{"line":3,"column":20}},"loc":{"start":{"line":3,"column":45},"end":{"line":3,"column":null}},"line":3}},"branchMap":{},"s":{"0":1,"1":1,"2":1,"3":1},"f":{"0":1,"1":1},"b":{},"meta":{"lastBranch":0,"lastFunction":2,"lastStatement":4,"seen":{"s:1:19:1:Infinity":0,"f:1:19:1:20":0,"s:1:45:1:Infinity":1,"s:3:19:3:Infinity":2,"f:3:19:3:20":1,"s:3:45:3:Infinity":3}}}
}
